Jan 08 00:23:49 Installed: fuse-2.9.2-11.el7.x86_64
Jan 08 00:23:49 Installed: s3fs-fuse-1.90-1.el7.x86_64
Jan 09 18:25:43 Installed: containernetworking-plugins-0.8.3-3.el7.centos.x86_64
Jan 09 18:25:44 Installed: libnftnl-1.0.8-3.el7.x86_64
Jan 09 18:25:45 Installed: 1:nftables-0.8-14.el7.x86_64
Jan 09 18:25:45 Installed: 2:conmon-2.0.8-1.el7.x86_64
Jan 09 18:25:45 Installed: protobuf-c-1.0.2-3.el7.x86_64
Jan 09 18:25:45 Installed: libnet-1.1.6-7.el7.x86_64
Jan 09 18:25:45 Installed: criu-3.12-2.el7.x86_64
Jan 09 18:25:46 Installed: runc-1.0.0-69.rc10.el7_9.x86_64
Jan 09 18:25:48 Installed: podman-1.6.4-29.el7_9.x86_64
Jan 09 18:33:13 Installed: json-glib-1.4.2-2.el7.x86_64
Jan 09 18:33:13 Installed: gsettings-desktop-schemas-3.28.0-3.el7.x86_64
Jan 09 18:33:13 Installed: nettle-2.7.1-9.el7_9.x86_64
Jan 09 18:33:14 Installed: trousers-0.3.14-2.el7.x86_64
Jan 09 18:33:14 Installed: gnutls-3.3.29-9.el7_6.x86_64
Jan 09 18:33:14 Installed: glib-networking-2.56.1-1.el7.x86_64
Jan 09 18:33:14 Installed: cockpit-bridge-195.12-1.el7.centos.x86_64
Jan 09 18:33:15 Installed: cockpit-system-195.12-1.el7.centos.noarch
Jan 09 18:33:16 Installed: cockpit-ws-195.12-1.el7.centos.x86_64
Jan 09 18:33:16 Installed: cockpit-195.12-1.el7.centos.x86_64
Apr 26 15:04:39 Updated: 2:docker-common-1.13.1-209.git7d71120.el7.centos.x86_64
Apr 26 15:04:40 Updated: 2:docker-client-1.13.1-209.git7d71120.el7.centos.x86_64
Apr 26 15:04:43 Updated: 2:docker-1.13.1-209.git7d71120.el7.centos.x86_64
Apr 26 15:08:30 Erased: 2:docker-1.13.1-209.git7d71120.el7.centos.x86_64
Apr 26 15:08:30 Erased: 2:docker-client-1.13.1-209.git7d71120.el7.centos.x86_64
Apr 26 15:08:30 Erased: 2:docker-common-1.13.1-209.git7d71120.el7.centos.x86_64
Apr 26 15:09:31 Installed: docker-scan-plugin-0.17.0-3.el7.x86_64
Apr 26 15:09:35 Installed: 1:docker-ce-cli-20.10.14-3.el7.x86_64
Apr 26 15:09:39 Installed: containerd.io-1.5.11-3.1.el7.x86_64
Apr 26 15:09:40 Installed: docker-ce-rootless-extras-20.10.14-3.el7.x86_64
Apr 26 15:09:43 Installed: 3:docker-ce-20.10.14-3.el7.x86_64
Apr 26 15:09:43 Erased: runc-1.0.0-69.rc10.el7_9.x86_64
May 15 17:07:23 Installed: jemalloc-3.6.0-1.el7.x86_64
May 15 17:07:25 Installed: redis-3.2.12-2.el7.x86_64
Jun 13 15:24:23 Installed: python36-six-1.14.0-3.el7.noarch
Jun 13 15:24:23 Installed: python36-websocket-client-0.47.0-2.el7.noarch
Jun 13 15:24:23 Installed: python36-pysocks-1.6.8-7.el7.noarch
Jun 13 15:24:23 Installed: python36-urllib3-1.25.6-2.el7.noarch
Jun 13 15:24:23 Installed: python36-dockerpty-0.4.1-18.el7.noarch
Jun 13 15:24:23 Installed: python36-docker-pycreds-0.2.1-2.el7.noarch
Jun 13 15:24:23 Installed: python36-cached_property-1.5.1-2.el7.noarch
Jun 13 15:24:23 Installed: python36-docopt-0.6.2-8.el7.noarch
Jun 13 15:24:23 Installed: python36-idna-2.10-1.el7.noarch
Jun 13 15:24:23 Installed: python36-chardet-3.0.4-1.el7.noarch
Jun 13 15:24:24 Installed: python36-requests-2.14.2-2.el7.noarch
Jun 13 15:24:24 Installed: python36-docker-2.6.1-3.el7.noarch
Jun 13 15:24:24 Installed: python36-jsonschema-2.5.1-4.el7.noarch
Jun 13 15:24:24 Installed: python36-texttable-1.6.2-1.el7.noarch
Jun 13 15:24:24 Installed: python36-PyYAML-3.13-1.el7.x86_64
Jun 13 15:24:24 Installed: docker-compose-1.18.0-4.el7.noarch
Jul 05 20:56:29 Updated: 1:dmidecode-3.2-5.el7_9.1.x86_64
Jul 05 20:58:38 Installed: iptables-services-1.4.21-35.el7.x86_64
Jul 05 20:59:34 Installed: epel-release-7-14.noarch
Jul 05 21:02:12 Updated: 1:grub2-common-2.02-0.87.0.1.el7.centos.9.noarch
Jul 05 21:02:12 Updated: 32:bind-license-9.11.4-26.P2.el7_9.9.noarch
Jul 05 21:02:12 Updated: centos-release-7-9.2009.1.el7.centos.x86_64
Jul 05 21:02:13 Updated: 1:grub2-pc-modules-2.02-0.87.0.1.el7.centos.9.noarch
Jul 05 21:02:13 Updated: libX11-common-1.6.7-4.el7_9.noarch
Jul 05 21:02:13 Updated: kbd-misc-1.15.5-16.el7_9.noarch
Jul 05 21:02:13 Updated: kbd-legacy-1.15.5-16.el7_9.noarch
Jul 05 21:02:14 Updated: kernel-headers-3.10.0-1160.71.1.el7.x86_64
Jul 05 21:02:14 Updated: subscription-manager-rhsm-certificates-1.24.51-1.el7.centos.x86_64
Jul 05 21:02:14 Updated: tzdata-java-2022a-1.el7.noarch
Jul 05 21:02:14 Updated: firewalld-filesystem-0.6.3-13.el7_9.noarch
Jul 05 21:02:15 Updated: tzdata-2022a-1.el7.noarch
Jul 05 21:02:15 Updated: bash-4.2.46-35.el7_9.x86_64
Jul 05 21:02:15 Updated: nss-softokn-freebl-3.67.0-3.el7_9.x86_64
Jul 05 21:02:20 Updated: glibc-common-2.17-326.el7_9.x86_64
Jul 05 21:02:21 Updated: glibc-2.17-326.el7_9.x86_64
Jul 05 21:02:21 Updated: nspr-4.32.0-1.el7_9.x86_64
Jul 05 21:02:21 Updated: nss-util-3.67.0-1.el7_9.x86_64
Jul 05 21:02:21 Updated: zlib-1.2.7-20.el7_9.x86_64
Jul 05 21:02:22 Updated: xz-libs-5.2.2-2.el7_9.x86_64
Jul 05 21:02:22 Updated: systemd-libs-219-78.el7_9.5.x86_64
Jul 05 21:02:22 Updated: libxml2-2.9.1-6.el7_9.6.x86_64
Jul 05 21:02:22 Updated: 4:perl-macros-5.16.3-299.el7_9.x86_64
Jul 05 21:02:22 Updated: 4:perl-libs-5.16.3-299.el7_9.x86_64
Jul 05 21:02:24 Updated: 4:perl-5.16.3-299.el7_9.x86_64
Jul 05 21:02:24 Updated: libuuid-2.23.2-65.el7_9.1.x86_64
Jul 05 21:02:24 Updated: libblkid-2.23.2-65.el7_9.1.x86_64
Jul 05 21:02:24 Updated: libmount-2.23.2-65.el7_9.1.x86_64
Jul 05 21:02:27 Updated: systemd-219-78.el7_9.5.x86_64
Jul 05 21:02:27 Updated: glib2-2.56.1-9.el7_9.x86_64
Jul 05 21:02:28 Updated: expat-2.1.0-14.el7_9.x86_64
Jul 05 21:02:28 Updated: xz-5.2.2-2.el7_9.x86_64
Jul 05 21:02:28 Updated: ca-certificates-2021.2.50-72.el7_9.noarch
Jul 05 21:02:29 Updated: 1:openssl-libs-1.0.2k-25.el7_9.x86_64
Jul 05 21:02:29 Updated: krb5-libs-1.15.1-54.el7_9.x86_64
Jul 05 21:02:30 Updated: python-libs-2.7.5-92.el7_9.x86_64
Jul 05 21:02:30 Updated: python-2.7.5-92.el7_9.x86_64
Jul 05 21:02:30 Updated: cyrus-sasl-lib-2.1.26-24.el7_9.x86_64
Jul 05 21:02:31 Updated: 32:bind-libs-lite-9.11.4-26.P2.el7_9.9.x86_64
Jul 05 21:02:35 Updated: containerd.io-1.6.6-3.1.el7.x86_64
Jul 05 21:02:35 Updated: nss-softokn-3.67.0-3.el7_9.x86_64
Jul 05 21:02:35 Updated: nss-sysinit-3.67.0-4.el7_9.x86_64
Jul 05 21:02:36 Updated: nss-3.67.0-4.el7_9.x86_64
Jul 05 21:02:36 Updated: rpm-libs-4.11.3-48.el7_9.x86_64
Jul 05 21:02:36 Updated: rpm-4.11.3-48.el7_9.x86_64
Jul 05 21:02:36 Updated: rpm-build-libs-4.11.3-48.el7_9.x86_64
Jul 05 21:02:36 Updated: rpm-python-4.11.3-48.el7_9.x86_64
Jul 05 21:02:36 Updated: subscription-manager-rhsm-1.24.51-1.el7.centos.x86_64
Jul 05 21:02:36 Updated: nss-tools-3.67.0-4.el7_9.x86_64
Jul 05 21:02:36 Updated: openldap-2.4.44-25.el7_9.x86_64
Jul 05 21:02:37 Updated: 12:dhcp-libs-4.2.5-83.el7.centos.1.x86_64
Jul 05 21:02:37 Updated: 12:dhcp-common-4.2.5-83.el7.centos.1.x86_64
Jul 05 21:02:37 Updated: 32:bind-libs-9.11.4-26.P2.el7_9.9.x86_64
Jul 05 21:02:37 Updated: iscsi-initiator-utils-iscsiuio-6.2.0.874-22.el7_9.x86_64
Jul 05 21:02:37 Updated: iscsi-initiator-utils-6.2.0.874-22.el7_9.x86_64
Jul 05 21:02:37 Updated: systemd-sysv-219-78.el7_9.5.x86_64
Jul 05 21:02:37 Updated: libxml2-python-2.9.1-6.el7_9.6.x86_64
Jul 05 21:02:37 Updated: python-firewall-0.6.3-13.el7_9.noarch
Jul 05 21:02:38 Updated: python-perf-3.10.0-1160.71.1.el7.x86_64
Jul 05 21:02:38 Updated: libstoragemgmt-python-1.8.1-2.el7_9.noarch
Jul 05 21:02:38 Updated: libstoragemgmt-1.8.1-2.el7_9.x86_64
Jul 05 21:02:38 Updated: libstoragemgmt-python-clibs-1.8.1-2.el7_9.x86_64
Jul 05 21:02:38 Updated: python-syspurpose-1.24.51-1.el7.centos.x86_64
Jul 05 21:02:38 Updated: libkadm5-1.15.1-54.el7_9.x86_64
Jul 05 21:02:38 Updated: krb5-devel-1.15.1-54.el7_9.x86_64
Jul 05 21:02:38 Updated: 32:bind-export-libs-9.11.4-26.P2.el7_9.9.x86_64
Jul 05 21:02:38 Updated: httpd-tools-2.4.6-97.el7.centos.5.x86_64
Jul 05 21:02:43 Updated: 1:java-1.8.0-openjdk-headless-1.8.0.332.b09-1.el7_9.x86_64
Jul 05 21:02:44 Updated: polkit-0.112-26.el7_9.1.x86_64
Jul 05 21:02:44 Updated: cronie-anacron-1.4.11-24.el7_9.x86_64
Jul 05 21:02:44 Updated: cronie-1.4.11-24.el7_9.x86_64
Jul 05 21:02:45 Updated: binutils-2.27-44.base.el7_9.1.x86_64
Jul 05 21:02:45 Updated: zlib-devel-1.2.7-20.el7_9.x86_64
Jul 05 21:02:45 Updated: libsmartcols-2.23.2-65.el7_9.1.x86_64
Jul 05 21:02:46 Updated: util-linux-2.23.2-65.el7_9.1.x86_64
Jul 05 21:02:46 Updated: 7:device-mapper-libs-1.02.170-6.el7_9.5.x86_64
Jul 05 21:02:46 Updated: 7:device-mapper-1.02.170-6.el7_9.5.x86_64
Jul 05 21:02:46 Updated: 1:grub2-tools-minimal-2.02-0.87.0.1.el7.centos.9.x86_64
Jul 05 21:02:46 Updated: 7:device-mapper-event-libs-1.02.170-6.el7_9.5.x86_64
Jul 05 21:02:47 Updated: 1:grub2-tools-2.02-0.87.0.1.el7.centos.9.x86_64
Jul 05 21:02:47 Updated: virt-what-1.18-4.el7_9.1.x86_64
Jul 05 21:02:47 Updated: openssh-7.4p1-22.el7_9.x86_64
Jul 05 21:02:47 Updated: 1:grub2-tools-extra-2.02-0.87.0.1.el7.centos.9.x86_64
Jul 05 21:02:47 Updated: 1:grub2-pc-2.02-0.87.0.1.el7.centos.9.x86_64
Jul 05 21:02:47 Updated: 7:device-mapper-event-1.02.170-6.el7_9.5.x86_64
Jul 05 21:02:48 Updated: 7:lvm2-libs-2.02.187-6.el7_9.5.x86_64
Jul 05 21:02:53 Updated: 1:docker-ce-cli-20.10.17-3.el7.x86_64
Jul 05 21:02:53 Updated: docker-ce-rootless-extras-20.10.17-3.el7.x86_64
Jul 05 21:02:57 Updated: 3:docker-ce-20.10.17-3.el7.x86_64
Jul 05 21:02:57 Updated: libsss_nss_idmap-1.16.5-10.el7_9.13.x86_64
Jul 05 21:02:58 Updated: kernel-tools-libs-3.10.0-1160.71.1.el7.x86_64
Jul 05 21:02:58 Updated: unzip-6.0-24.el7_9.x86_64
Jul 05 21:02:58 Updated: libsss_idmap-1.16.5-10.el7_9.13.x86_64
Jul 05 21:02:58 Updated: libX11-1.6.7-4.el7_9.x86_64
Jul 05 21:02:58 Updated: libwebp-0.3.0-10.el7_9.x86_64
Jul 05 21:02:58 Updated: glibc-headers-2.17-326.el7_9.x86_64
Jul 05 21:02:59 Updated: gzip-1.5-11.el7_9.x86_64
Jul 05 21:03:10 Updated: linux-firmware-20200421-80.git78c0348.el7_9.noarch
Jul 05 21:03:16 Installed: kernel-3.10.0-1160.71.1.el7.x86_64
Jul 05 21:03:16 Updated: rpm-build-4.11.3-48.el7_9.x86_64
Jul 05 21:03:16 Updated: glibc-devel-2.17-326.el7_9.x86_64
Jul 05 21:03:16 Updated: python-pillow-2.0.0-23.gitd1c6db8.el7_9.x86_64
Jul 05 21:03:16 Updated: 1:java-1.8.0-openjdk-1.8.0.332.b09-1.el7_9.x86_64
Jul 05 21:03:17 Updated: sssd-client-1.16.5-10.el7_9.13.x86_64
Jul 05 21:03:18 Updated: kernel-tools-3.10.0-1160.71.1.el7.x86_64
Jul 05 21:03:18 Updated: 7:lvm2-2.02.187-6.el7_9.5.x86_64
Jul 05 21:03:18 Updated: 1:grub2-2.02-0.87.0.1.el7.centos.9.x86_64
Jul 05 21:03:18 Updated: openssh-clients-7.4p1-22.el7_9.x86_64
Jul 05 21:03:19 Updated: openssh-server-7.4p1-22.el7_9.x86_64
Jul 05 21:03:19 Updated: tuned-2.11.0-11.el7_9.noarch
Jul 05 21:03:19 Updated: subscription-manager-1.24.51-1.el7.centos.x86_64
Jul 05 21:03:19 Updated: kpartx-0.4.9-135.el7_9.x86_64
Jul 05 21:03:20 Updated: 1:openssl-devel-1.0.2k-25.el7_9.x86_64
Jul 05 21:03:21 Updated: httpd-2.4.6-97.el7.centos.5.x86_64
Jul 05 21:03:21 Updated: 12:dhclient-4.2.5-83.el7.centos.1.x86_64
Jul 05 21:03:21 Updated: firewalld-0.6.3-13.el7_9.noarch
Jul 05 21:03:21 Updated: sos-3.9-5.el7.centos.11.noarch
Jul 05 21:03:22 Updated: 1:wpa_supplicant-2.6-12.el7_9.2.x86_64
Jul 05 21:03:22 Updated: 32:bind-utils-9.11.4-26.P2.el7_9.9.x86_64
Jul 05 21:03:22 Updated: sudo-1.8.23-10.el7_9.2.x86_64
Jul 05 21:03:24 Updated: podman-1.6.4-32.el7_9.x86_64
Jul 05 21:03:24 Updated: cyrus-sasl-plain-2.1.26-24.el7_9.x86_64
Jul 05 21:03:24 Updated: python-devel-2.7.5-92.el7_9.x86_64
Jul 05 21:03:24 Installed: python2-cheetah-2.4.4-6.el7.x86_64
Jul 05 21:03:25 Updated: glib2-devel-2.56.1-9.el7_9.x86_64
Jul 05 21:03:25 Updated: systemd-python-219-78.el7_9.5.x86_64
Jul 05 21:03:25 Updated: 1:openssl-1.0.2k-25.el7_9.x86_64
Jul 05 21:03:25 Updated: s3fs-fuse-1.91-1.el7.x86_64
Jul 05 21:03:25 Updated: 1:openssl11-libs-1.1.1k-3.el7.x86_64
Jul 05 21:03:25 Updated: gtk-update-icon-cache-3.22.30-8.el7_9.x86_64
Jul 05 21:03:25 Updated: systemd-devel-219-78.el7_9.5.x86_64
Jul 05 21:03:25 Updated: at-3.1.13-25.el7_9.x86_64
Jul 05 21:03:26 Updated: kexec-tools-2.0.15-51.el7_9.3.x86_64
Jul 05 21:03:26 Updated: rsyslog-8.24.0-57.el7_9.3.x86_64
Jul 05 21:03:26 Updated: 1:perl-Pod-Escapes-1.04-299.el7_9.noarch
Jul 05 21:04:04 Installed: kernel-devel-3.10.0-1160.71.1.el7.x86_64
Jul 05 21:04:04 Updated: xz-devel-5.2.2-2.el7_9.x86_64
Jul 05 21:04:05 Updated: bpftool-3.10.0-1160.71.1.el7.x86_64
Jul 05 21:04:05 Updated: kbd-1.15.5-16.el7_9.x86_64
Jul 05 21:04:05 Updated: 14:libpcap-1.5.3-13.el7_9.x86_64
Jul 05 21:04:05 Updated: iwl2000-firmware-18.168.6.1-80.el7_9.noarch
Jul 05 21:04:05 Updated: iwl2030-firmware-18.168.6.1-80.el7_9.noarch
Jul 05 21:04:05 Updated: iwl135-firmware-18.168.6.1-80.el7_9.noarch
Jul 05 21:04:05 Updated: iwl6000g2b-firmware-18.168.6.1-80.el7_9.noarch
Jul 05 21:04:05 Updated: iwl105-firmware-18.168.6.1-80.el7_9.noarch
Jul 05 21:04:05 Updated: iwl3160-firmware-25.30.13.0-80.el7_9.noarch
Jul 05 21:04:08 Updated: iwl7260-firmware-25.30.13.0-80.el7_9.noarch
Jul 05 21:04:46 Erased: python-cheetah-2.4.4-5.el7.centos.x86_64
Aug 07 23:25:00 Installed: ftp-0.17-67.el7.x86_64
Aug 30 13:59:36 Installed: vsftpd-3.0.2-29.el7_9.x86_64
Aug 30 14:26:10 Erased: vsftpd-3.0.2-29.el7_9.x86_64
Aug 30 14:26:29 Installed: pam-devel-1.1.8-23.el7.x86_64
Aug 30 14:26:29 Installed: vsftpd-3.0.2-29.el7_9.x86_64
Aug 30 14:55:09 Erased: vsftpd-3.0.2-29.el7_9.x86_64
Aug 30 14:57:45 Installed: vsftpd-3.0.2-29.el7_9.x86_64
